<?xml version="1.0" encoding="UTF-8"?>
<testsuite xmlns:xsi="http://www.w3.org/2001/XMLSchema-instance" xsi:noNamespaceSchemaLocation="https://maven.apache.org/surefire/maven-surefire-plugin/xsd/surefire-test-report-3.0.xsd" version="3.0" name="com.ontariotechu.sofe3980U.BinaryControllerTest" time="1.215" tests="21" errors="0" skipped="0" failures="0">
  <properties>
[...]
</properties>
  <testcase name="postOrBothZeros" classname="com.ontariotechu.sofe3980U.BinaryControllerTest" time="0.773">
    <system-out><![CDATA[2026-02-11T22:02:42.988-05:00  INFO 22104 --- [           main] t.c.s.AnnotationConfigContextLoaderUtils : Could not detect default configuration classes for test class [com.ontariotechu.sofe3980U.BinaryControllerTest]: BinaryControllerTest does not declare any static, non-private, non-final, nested classes annotated with @Configuration.
2026-02-11T22:02:42.997-05:00  INFO 22104 --- [           main] .b.t.c.SpringBootTestContextBootstrapper : Found @SpringBootConfiguration com.ontariotechu.sofe3980U.Application for test class com.ontariotechu.sofe3980U.BinaryControllerTest
2026-02-11T22:02:42.997-05:00  INFO 22104 --- [           main] o.s.b.d.r.RestartApplicationListener     : Restart disabled due to context in which it is running
  .   ____          _            __ _ _
 /\\ / ___'_ __ _ _(_)_ __  __ _ \ \ \ \
( ( )\___ | '_ | '_| | '_ \/ _` | \ \ \ \
 \\/  ___)| |_)| | | | | || (_| |  ) ) ) )
  '  |____| .__|_| |_|_| |_\__, | / / / /
 =========|_|==============|___/=/_/_/_/

 :: Spring Boot ::                (v3.3.0)

2026-02-11T22:02:43.020-05:00  INFO 22104 --- [           main] c.o.sofe3980U.BinaryControllerTest       : Starting BinaryControllerTest using Java 21.0.5 with PID 22104 (started by logan in C:\Users\logan\Documents\Soft Qualities - SOFE3290\Labs\Lab 2\BinaryCalculatorWebapp)
2026-02-11T22:02:43.020-05:00  INFO 22104 --- [           main] c.o.sofe3980U.BinaryControllerTest       : No active profile set, falling back to 1 default profile: "default"
2026-02-11T22:02:43.203-05:00  INFO 22104 --- [           main] o.s.b.t.m.w.SpringBootMockServletContext : Initializing Spring TestDispatcherServlet ''
2026-02-11T22:02:43.203-05:00  INFO 22104 --- [           main] o.s.t.web.servlet.TestDispatcherServlet  : Initializing Servlet ''
2026-02-11T22:02:43.204-05:00  INFO 22104 --- [           main] o.s.t.web.servlet.TestDispatcherServlet  : Completed initialization in 0 ms
2026-02-11T22:02:43.207-05:00  INFO 22104 --- [           main] c.o.sofe3980U.BinaryControllerTest       : Started BinaryControllerTest in 0.21 seconds (process running for 3.22)
]]></system-out>
  </testcase>
  <testcase name="postAddZeros" classname="com.ontariotechu.sofe3980U.BinaryControllerTest" time="0.013"/>
  <testcase name="getDefault" classname="com.ontariotechu.sofe3980U.BinaryControllerTest" time="0.082"/>
  <testcase name="postAndAllOnes" classname="com.ontariotechu.sofe3980U.BinaryControllerTest" time="0.006"/>
  <testcase name="postOr" classname="com.ontariotechu.sofe3980U.BinaryControllerTest" time="0.003"/>
  <testcase name="postOrDifferentLengths" classname="com.ontariotechu.sofe3980U.BinaryControllerTest" time="0.006"/>
  <testcase name="postMultiplyDifferentLengths" classname="com.ontariotechu.sofe3980U.BinaryControllerTest" time="0.007"/>
  <testcase name="getParameterWithLeadingZeros" classname="com.ontariotechu.sofe3980U.BinaryControllerTest" time="0.009"/>
  <testcase name="postMultiplyZeroByAny" classname="com.ontariotechu.sofe3980U.BinaryControllerTest" time="0.005"/>
  <testcase name="postAdd" classname="com.ontariotechu.sofe3980U.BinaryControllerTest" time="0.003"/>
  <testcase name="postAnd" classname="com.ontariotechu.sofe3980U.BinaryControllerTest" time="0.002"/>
  <testcase name="postMultiply" classname="com.ontariotechu.sofe3980U.BinaryControllerTest" time="0.006"/>
  <testcase name="postMultiplyByZero" classname="com.ontariotechu.sofe3980U.BinaryControllerTest" time="0.006"/>
  <testcase name="getParameterEmptyOperand1" classname="com.ontariotechu.sofe3980U.BinaryControllerTest" time="0.005"/>
  <testcase name="postUnknownOperator" classname="com.ontariotechu.sofe3980U.BinaryControllerTest" time="0.007"/>
  <testcase name="postAddWithEmptyOperands" classname="com.ontariotechu.sofe3980U.BinaryControllerTest" time="0.006"/>
  <testcase name="postMultiplyOnes" classname="com.ontariotechu.sofe3980U.BinaryControllerTest" time="0.006"/>
  <testcase name="postAndDifferentLengths" classname="com.ontariotechu.sofe3980U.BinaryControllerTest" time="0.005"/>
  <testcase name="postAndWithZero" classname="com.ontariotechu.sofe3980U.BinaryControllerTest" time="0.006"/>
  <testcase name="postOrWithZero" classname="com.ontariotechu.sofe3980U.BinaryControllerTest" time="0.003"/>
  <testcase name="getParameter" classname="com.ontariotechu.sofe3980U.BinaryControllerTest" time="0.005"/>
</testsuite>